Performing C SOURCE FILE Test CMAKE_HAVE_LIBC_PTHREAD failed with the following output:
Change Dir: /home/piotr/Dokumenty/C++/szkola/kurs_cpp_podstawowy/module1/homework/calculate/bulid/CMakeFiles/CMakeTmp

Run Build Command(s):/usr/bin/make cmTC_341a6/fast && /usr/bin/make -f CMakeFiles/cmTC_341a6.dir/build.make CMakeFiles/cmTC_341a6.dir/build
make[1]: Wejście do katalogu '/home/piotr/Dokumenty/C++/szkola/kurs_cpp_podstawowy/module1/homework/calculate/bulid/CMakeFiles/CMakeTmp'
Building C object CMakeFiles/cmTC_341a6.dir/src.c.o
/usr/bin/cc   -DCMAKE_HAVE_LIBC_PTHREAD   -o CMakeFiles/cmTC_341a6.dir/src.c.o   -c /home/piotr/Dokumenty/C++/szkola/kurs_cpp_podstawowy/module1/homework/calculate/bulid/CMakeFiles/CMakeTmp/src.c
Linking C executable cmTC_341a6
/usr/bin/cmake -E cmake_link_script CMakeFiles/cmTC_341a6.dir/link.txt --verbose=1
/usr/bin/cc  -DCMAKE_HAVE_LIBC_PTHREAD    -rdynamic CMakeFiles/cmTC_341a6.dir/src.c.o  -o cmTC_341a6 
/usr/bin/ld: CMakeFiles/cmTC_341a6.dir/src.c.o: in function `main':
src.c:(.text+0x46): undefined reference to `pthread_create'
/usr/bin/ld: src.c:(.text+0x52): undefined reference to `pthread_detach'
/usr/bin/ld: src.c:(.text+0x63): undefined reference to `pthread_join'
collect2: error: ld returned 1 exit status
make[1]: *** [CMakeFiles/cmTC_341a6.dir/build.make:87: cmTC_341a6] Błąd 1
make[1]: Opuszczenie katalogu '/home/piotr/Dokumenty/C++/szkola/kurs_cpp_podstawowy/module1/homework/calculate/bulid/CMakeFiles/CMakeTmp'
make: *** [Makefile:121: cmTC_341a6/fast] Błąd 2


Source file was:
#include <pthread.h>

void* test_func(void* data)
{
  return data;
}

int main(void)
{
  pthread_t thread;
  pthread_create(&thread, NULL, test_func, NULL);
  pthread_detach(thread);
  pthread_join(thread, NULL);
  pthread_atfork(NULL, NULL, NULL);
  pthread_exit(NULL);

  return 0;
}

Determining if the function pthread_create exists in the pthreads failed with the following output:
Change Dir: /home/piotr/Dokumenty/C++/szkola/kurs_cpp_podstawowy/module1/homework/calculate/bulid/CMakeFiles/CMakeTmp

Run Build Command(s):/usr/bin/make cmTC_0040c/fast && /usr/bin/make -f CMakeFiles/cmTC_0040c.dir/build.make CMakeFiles/cmTC_0040c.dir/build
make[1]: Wejście do katalogu '/home/piotr/Dokumenty/C++/szkola/kurs_cpp_podstawowy/module1/homework/calculate/bulid/CMakeFiles/CMakeTmp'
Building C object CMakeFiles/cmTC_0040c.dir/CheckFunctionExists.c.o
/usr/bin/cc   -DCHECK_FUNCTION_EXISTS=pthread_create   -o CMakeFiles/cmTC_0040c.dir/CheckFunctionExists.c.o   -c /usr/share/cmake-3.16/Modules/CheckFunctionExists.c
Linking C executable cmTC_0040c
/usr/bin/cmake -E cmake_link_script CMakeFiles/cmTC_0040c.dir/link.txt --verbose=1
/usr/bin/cc  -DCHECK_FUNCTION_EXISTS=pthread_create    -rdynamic CMakeFiles/cmTC_0040c.dir/CheckFunctionExists.c.o  -o cmTC_0040c  -lpthreads 
/usr/bin/ld: cannot find -lpthreads
collect2: error: ld returned 1 exit status
make[1]: *** [CMakeFiles/cmTC_0040c.dir/build.make:87: cmTC_0040c] Błąd 1
make[1]: Opuszczenie katalogu '/home/piotr/Dokumenty/C++/szkola/kurs_cpp_podstawowy/module1/homework/calculate/bulid/CMakeFiles/CMakeTmp'
make: *** [Makefile:121: cmTC_0040c/fast] Błąd 2



