Performing C SOURCE FILE Test CMAKE_HAVE_LIBC_PTHREAD failed with the following output:
Change Dir: /home/warp/kurs_cpp_podstawowy/module1/homework/fibonacci/buid/CMakeFiles/CMakeTmp

Run Build Command(s):/usr/bin/make cmTC_eb1d5/fast && /usr/bin/make -f CMakeFiles/cmTC_eb1d5.dir/build.make CMakeFiles/cmTC_eb1d5.dir/build
make[1]: Wejście do katalogu '/home/warp/kurs_cpp_podstawowy/module1/homework/fibonacci/buid/CMakeFiles/CMakeTmp'
Building C object CMakeFiles/cmTC_eb1d5.dir/src.c.o
/usr/bin/cc   -DCMAKE_HAVE_LIBC_PTHREAD   -o CMakeFiles/cmTC_eb1d5.dir/src.c.o   -c /home/warp/kurs_cpp_podstawowy/module1/homework/fibonacci/buid/CMakeFiles/CMakeTmp/src.c
Linking C executable cmTC_eb1d5
/usr/bin/cmake -E cmake_link_script CMakeFiles/cmTC_eb1d5.dir/link.txt --verbose=1
/usr/bin/cc  -DCMAKE_HAVE_LIBC_PTHREAD    -rdynamic CMakeFiles/cmTC_eb1d5.dir/src.c.o  -o cmTC_eb1d5 
/usr/bin/ld: CMakeFiles/cmTC_eb1d5.dir/src.c.o: in function `main':
src.c:(.text+0x46): undefined reference to `pthread_create'
/usr/bin/ld: src.c:(.text+0x52): undefined reference to `pthread_detach'
/usr/bin/ld: src.c:(.text+0x63): undefined reference to `pthread_join'
collect2: error: ld returned 1 exit status
make[1]: *** [CMakeFiles/cmTC_eb1d5.dir/build.make:87: cmTC_eb1d5] Błąd 1
make[1]: Opuszczenie katalogu '/home/warp/kurs_cpp_podstawowy/module1/homework/fibonacci/buid/CMakeFiles/CMakeTmp'
make: *** [Makefile:121: cmTC_eb1d5/fast] Błąd 2


Source file was:
#include <pthread.h>

void* test_func(void* data)
{
  return data;
}

int main(void)
{
  pthread_t thread;
  pthread_create(&thread, NULL, test_func, NULL);
  pthread_detach(thread);
  pthread_join(thread, NULL);
  pthread_atfork(NULL, NULL, NULL);
  pthread_exit(NULL);

  return 0;
}

Determining if the function pthread_create exists in the pthreads failed with the following output:
Change Dir: /home/warp/kurs_cpp_podstawowy/module1/homework/fibonacci/buid/CMakeFiles/CMakeTmp

Run Build Command(s):/usr/bin/make cmTC_fd4df/fast && /usr/bin/make -f CMakeFiles/cmTC_fd4df.dir/build.make CMakeFiles/cmTC_fd4df.dir/build
make[1]: Wejście do katalogu '/home/warp/kurs_cpp_podstawowy/module1/homework/fibonacci/buid/CMakeFiles/CMakeTmp'
Building C object CMakeFiles/cmTC_fd4df.dir/CheckFunctionExists.c.o
/usr/bin/cc   -DCHECK_FUNCTION_EXISTS=pthread_create   -o CMakeFiles/cmTC_fd4df.dir/CheckFunctionExists.c.o   -c /usr/share/cmake-3.16/Modules/CheckFunctionExists.c
Linking C executable cmTC_fd4df
/usr/bin/cmake -E cmake_link_script CMakeFiles/cmTC_fd4df.dir/link.txt --verbose=1
/usr/bin/cc  -DCHECK_FUNCTION_EXISTS=pthread_create    -rdynamic CMakeFiles/cmTC_fd4df.dir/CheckFunctionExists.c.o  -o cmTC_fd4df  -lpthreads 
/usr/bin/ld: cannot find -lpthreads
collect2: error: ld returned 1 exit status
make[1]: *** [CMakeFiles/cmTC_fd4df.dir/build.make:87: cmTC_fd4df] Błąd 1
make[1]: Opuszczenie katalogu '/home/warp/kurs_cpp_podstawowy/module1/homework/fibonacci/buid/CMakeFiles/CMakeTmp'
make: *** [Makefile:121: cmTC_fd4df/fast] Błąd 2



